objc[4181]: Class AXEmojiUtilities is implemented in both /Applications/Xcode.app/Contents/Developer/Platforms/iPhoneSimulator.platform/Developer/SDKs/iPhoneSimulator7.1.sdk/System/Library/PrivateFrameworks/AccessibilityUtilities.framework/AccessibilityUtilities and /Applications/Xcode.app/Contents/Developer/Platforms/iPhoneSimulator.platform/Developer/SDKs/iPhoneSimulator7.1.sdk/usr/lib/libAXSpeechManager.dylib. One of the two will be used. Which one is undefined.
2014-08-24 21:30:11.669 rebuild[4181:70b] Cannot find executable for CFBundle 0xa255a90 </Applications/Xcode.app/Contents/Developer/Platforms/iPhoneSimulator.platform/Developer/SDKs/iPhoneSimulator7.1.sdk/System/Library/AccessibilityBundles/CertUIFramework.axbundle> (not loaded)
2014-08-24 21:30:11.678 rebuild[4181:70b] Cannot find executable for CFBundle 0xa270450 </Applications/Xcode.app/Contents/Developer/Platforms/iPhoneSimulator.platform/Developer/SDKs/iPhoneSimulator7.1.sdk/System/Library/AccessibilityBundles/GeoServices.axbundle> (not loaded)
2014-08-24 21:30:11.735 rebuild[4181:70b] Multi-tasking -> Device: YES, App: YES
2014-08-24 21:30:11.765 rebuild[4181:70b] Unlimited access to network resources
2014-08-24 21:30:11.925 rebuild[4181:70b] CDVPlugin class IonicKeyboard (pluginName: keyboard) does not exist.
2014-08-24 21:30:11.925 rebuild[4181:70b] [CDVTimer][keyboard] 0.675023ms
2014-08-24 21:30:11.926 rebuild[4181:70b] CDVPlugin class CDVStatusBar (pluginName: statusbar) does not exist.
2014-08-24 21:30:11.926 rebuild[4181:70b] [CDVTimer][statusbar] 0.540018ms
2014-08-24 21:30:11.927 rebuild[4181:70b] [CDVTimer][TotalPluginStartup] 2.390981ms
2014-08-24 21:30:12.125 rebuild[4181:70b] Resetting plugins due to page load.
2014-08-24 21:30:13.468 rebuild[4181:70b] Finished load of: file:///Users/jakeadams/Library/Application%20Support/iPhone%20Simulator/7.1/Applications/0BAD3E04-0989-40C6-8191-62BD736F3BA1/rebuild.app/www/index.html#/app/map
2014-08-24 21:30:13.983 rebuild[4181:70b] CDVPlugin class CDVDevice (pluginName: Device) does not exist.
2014-08-24 21:30:13.984 rebuild[4181:70b] ERROR: Plugin 'Device' not found, or is not a CDVPlugin. Check your plugin mapping in config.xml.
2014-08-24 21:30:13.985 rebuild[4181:70b] -[CDVCommandQueue executePending] [Line 158] FAILED pluginJSON = [
  "Device957617798",
  "Device",
  "getDeviceInfo",
  [

  ]
]
objc[4513]: Class AXEmojiUtilities is implemented in both /Applications/Xcode.app/Contents/Developer/Platforms/iPhoneSimulator.platform/Developer/SDKs/iPhoneSimulator7.1.sdk/System/Library/PrivateFrameworks/AccessibilityUtilities.framework/AccessibilityUtilities and /Applications/Xcode.app/Contents/Developer/Platforms/iPhoneSimulator.platform/Developer/SDKs/iPhoneSimulator7.1.sdk/usr/lib/libAXSpeechManager.dylib. One of the two will be used. Which one is undefined.
2014-08-24 21:35:36.076 rebuild[4513:70b] Cannot find executable for CFBundle 0xa27c220 </Applications/Xcode.app/Contents/Developer/Platforms/iPhoneSimulator.platform/Developer/SDKs/iPhoneSimulator7.1.sdk/System/Library/AccessibilityBundles/GeoServices.axbundle> (not loaded)
2014-08-24 21:35:36.085 rebuild[4513:70b] Cannot find executable for CFBundle 0xa343640 </Applications/Xcode.app/Contents/Developer/Platforms/iPhoneSimulator.platform/Developer/SDKs/iPhoneSimulator7.1.sdk/System/Library/AccessibilityBundles/CertUIFramework.axbundle> (not loaded)
2014-08-24 21:35:36.139 rebuild[4513:70b] Multi-tasking -> Device: YES, App: YES
2014-08-24 21:35:36.148 rebuild[4513:70b] Unlimited access to network resources
2014-08-24 21:35:36.176 rebuild[4513:70b] CDVPlugin class IonicKeyboard (pluginName: keyboard) does not exist.
2014-08-24 21:35:36.176 rebuild[4513:70b] [CDVTimer][keyboard] 0.679970ms
2014-08-24 21:35:36.177 rebuild[4513:70b] CDVPlugin class CDVStatusBar (pluginName: statusbar) does not exist.
2014-08-24 21:35:36.177 rebuild[4513:70b] [CDVTimer][statusbar] 0.524044ms
2014-08-24 21:35:36.178 rebuild[4513:70b] [CDVTimer][TotalPluginStartup] 2.714038ms
2014-08-24 21:35:36.361 rebuild[4513:70b] Resetting plugins due to page load.
2014-08-24 21:35:39.607 rebuild[4513:70b] Finished load of: file:///Users/jakeadams/Library/Application%20Support/iPhone%20Simulator/7.1/Applications/0BAD3E04-0989-40C6-8191-62BD736F3BA1/rebuild.app/www/index.html#/app/map
2014-08-24 21:35:39.838 rebuild[4513:70b] CDVPlugin class CDVDevice (pluginName: Device) does not exist.
2014-08-24 21:35:39.838 rebuild[4513:70b] ERROR: Plugin 'Device' not found, or is not a CDVPlugin. Check your plugin mapping in config.xml.
2014-08-24 21:35:39.839 rebuild[4513:70b] -[CDVCommandQueue executePending] [Line 158] FAILED pluginJSON = [
  "Device674841779",
  "Device",
  "getDeviceInfo",
  [

  ]
]
objc[4864]: Class AXEmojiUtilities is implemented in both /Applications/Xcode.app/Contents/Developer/Platforms/iPhoneSimulator.platform/Developer/SDKs/iPhoneSimulator7.1.sdk/System/Library/PrivateFrameworks/AccessibilityUtilities.framework/AccessibilityUtilities and /Applications/Xcode.app/Contents/Developer/Platforms/iPhoneSimulator.platform/Developer/SDKs/iPhoneSimulator7.1.sdk/usr/lib/libAXSpeechManager.dylib. One of the two will be used. Which one is undefined.
2014-08-24 21:46:08.566 rebuild[4864:70b] Cannot find executable for CFBundle 0xa267ae0 </Applications/Xcode.app/Contents/Developer/Platforms/iPhoneSimulator.platform/Developer/SDKs/iPhoneSimulator7.1.sdk/System/Library/AccessibilityBundles/CertUIFramework.axbundle> (not loaded)
2014-08-24 21:46:08.639 rebuild[4864:70b] Cannot find executable for CFBundle 0xa464b80 </Applications/Xcode.app/Contents/Developer/Platforms/iPhoneSimulator.platform/Developer/SDKs/iPhoneSimulator7.1.sdk/System/Library/AccessibilityBundles/GeoServices.axbundle> (not loaded)
2014-08-24 21:46:08.695 rebuild[4864:70b] Multi-tasking -> Device: YES, App: YES
2014-08-24 21:46:08.720 rebuild[4864:70b] Unlimited access to network resources
2014-08-24 21:46:08.797 rebuild[4864:70b] CDVPlugin class IonicKeyboard (pluginName: keyboard) does not exist.
2014-08-24 21:46:08.798 rebuild[4864:70b] [CDVTimer][keyboard] 0.932038ms
2014-08-24 21:46:08.798 rebuild[4864:70b] CDVPlugin class CDVStatusBar (pluginName: statusbar) does not exist.
2014-08-24 21:46:08.799 rebuild[4864:70b] [CDVTimer][statusbar] 0.560999ms
2014-08-24 21:46:08.800 rebuild[4864:70b] [CDVTimer][TotalPluginStartup] 2.728999ms
2014-08-24 21:46:08.977 rebuild[4864:70b] Resetting plugins due to page load.
2014-08-24 21:46:09.918 rebuild[4864:70b] Finished load of: file:///Users/jakeadams/Library/Application%20Support/iPhone%20Simulator/7.1/Applications/0BAD3E04-0989-40C6-8191-62BD736F3BA1/rebuild.app/www/index.html#/app/map
2014-08-24 21:46:10.512 rebuild[4864:70b] CDVPlugin class CDVDevice (pluginName: Device) does not exist.
2014-08-24 21:46:10.512 rebuild[4864:70b] ERROR: Plugin 'Device' not found, or is not a CDVPlugin. Check your plugin mapping in config.xml.
2014-08-24 21:46:10.512 rebuild[4864:70b] -[CDVCommandQueue executePending] [Line 158] FAILED pluginJSON = [
  "Device1777322776",
  "Device",
  "getDeviceInfo",
  [

  ]
]
objc[5271]: Class AXEmojiUtilities is implemented in both /Applications/Xcode.app/Contents/Developer/Platforms/iPhoneSimulator.platform/Developer/SDKs/iPhoneSimulator7.1.sdk/System/Library/PrivateFrameworks/AccessibilityUtilities.framework/AccessibilityUtilities and /Applications/Xcode.app/Contents/Developer/Platforms/iPhoneSimulator.platform/Developer/SDKs/iPhoneSimulator7.1.sdk/usr/lib/libAXSpeechManager.dylib. One of the two will be used. Which one is undefined.
2014-08-24 22:11:28.277 rebuild[5271:70b] Cannot find executable for CFBundle 0xa49abd0 </Applications/Xcode.app/Contents/Developer/Platforms/iPhoneSimulator.platform/Developer/SDKs/iPhoneSimulator7.1.sdk/System/Library/AccessibilityBundles/CertUIFramework.axbundle> (not loaded)
2014-08-24 22:11:28.333 rebuild[5271:70b] Cannot find executable for CFBundle 0xa282b60 </Applications/Xcode.app/Contents/Developer/Platforms/iPhoneSimulator.platform/Developer/SDKs/iPhoneSimulator7.1.sdk/System/Library/AccessibilityBundles/GeoServices.axbundle> (not loaded)
2014-08-24 22:11:28.407 rebuild[5271:70b] Multi-tasking -> Device: YES, App: YES
2014-08-24 22:11:28.432 rebuild[5271:70b] Unlimited access to network resources
2014-08-24 22:11:28.532 rebuild[5271:70b] CDVPlugin class IonicKeyboard (pluginName: keyboard) does not exist.
2014-08-24 22:11:28.533 rebuild[5271:70b] [CDVTimer][keyboard] 0.612020ms
2014-08-24 22:11:28.533 rebuild[5271:70b] CDVPlugin class CDVStatusBar (pluginName: statusbar) does not exist.
2014-08-24 22:11:28.535 rebuild[5271:70b] [CDVTimer][statusbar] 1.475036ms
2014-08-24 22:11:28.535 rebuild[5271:70b] [CDVTimer][TotalPluginStartup] 3.328979ms
2014-08-24 22:11:28.763 rebuild[5271:70b] Resetting plugins due to page load.
2014-08-24 22:11:29.760 rebuild[5271:70b] Finished load of: file:///Users/jakeadams/Library/Application%20Support/iPhone%20Simulator/7.1/Applications/0BAD3E04-0989-40C6-8191-62BD736F3BA1/rebuild.app/www/index.html#/app/map
2014-08-24 22:11:30.382 rebuild[5271:70b] CDVPlugin class CDVDevice (pluginName: Device) does not exist.
2014-08-24 22:11:30.382 rebuild[5271:70b] ERROR: Plugin 'Device' not found, or is not a CDVPlugin. Check your plugin mapping in config.xml.
2014-08-24 22:11:30.383 rebuild[5271:70b] -[CDVCommandQueue executePending] [Line 158] FAILED pluginJSON = [
  "Device1134164303",
  "Device",
  "getDeviceInfo",
  [

  ]
]
2014-08-24 22:12:20.727 rebuild[5271:70b] Unbalanced calls to begin/end appearance transitions for <_UIFallbackPresentationViewController: 0xa5f1d20>.
2014-08-24 22:12:23.306 rebuild[5271:70b] Unbalanced calls to begin/end appearance transitions for <_UIFallbackPresentationViewController: 0xa5f1d20>.
objc[5604]: Class AXEmojiUtilities is implemented in both /Applications/Xcode.app/Contents/Developer/Platforms/iPhoneSimulator.platform/Developer/SDKs/iPhoneSimulator7.1.sdk/System/Library/PrivateFrameworks/AccessibilityUtilities.framework/AccessibilityUtilities and /Applications/Xcode.app/Contents/Developer/Platforms/iPhoneSimulator.platform/Developer/SDKs/iPhoneSimulator7.1.sdk/usr/lib/libAXSpeechManager.dylib. One of the two will be used. Which one is undefined.
2014-08-24 22:19:31.702 rebuild[5604:70b] Cannot find executable for CFBundle 0xa5718b0 </Applications/Xcode.app/Contents/Developer/Platforms/iPhoneSimulator.platform/Developer/SDKs/iPhoneSimulator7.1.sdk/System/Library/AccessibilityBundles/GeoServices.axbundle> (not loaded)
2014-08-24 22:19:31.714 rebuild[5604:70b] Cannot find executable for CFBundle 0xa3a7400 </Applications/Xcode.app/Contents/Developer/Platforms/iPhoneSimulator.platform/Developer/SDKs/iPhoneSimulator7.1.sdk/System/Library/AccessibilityBundles/CertUIFramework.axbundle> (not loaded)
2014-08-24 22:19:32.062 rebuild[5604:70b] Multi-tasking -> Device: YES, App: YES
2014-08-24 22:19:32.073 rebuild[5604:70b] Unlimited access to network resources
2014-08-24 22:19:32.101 rebuild[5604:70b] CDVPlugin class IonicKeyboard (pluginName: keyboard) does not exist.
2014-08-24 22:19:32.102 rebuild[5604:70b] [CDVTimer][keyboard] 0.714004ms
2014-08-24 22:19:32.103 rebuild[5604:70b] CDVPlugin class CDVStatusBar (pluginName: statusbar) does not exist.
2014-08-24 22:19:32.103 rebuild[5604:70b] [CDVTimer][statusbar] 0.674009ms
2014-08-24 22:19:32.104 rebuild[5604:70b] [CDVTimer][TotalPluginStartup] 2.766013ms
2014-08-24 22:19:32.294 rebuild[5604:70b] Resetting plugins due to page load.
2014-08-24 22:19:32.953 rebuild[5604:70b] Finished load of: file:///Users/jakeadams/Library/Application%20Support/iPhone%20Simulator/7.1/Applications/0BAD3E04-0989-40C6-8191-62BD736F3BA1/rebuild.app/www/index.html#/app/map
2014-08-24 22:19:33.446 rebuild[5604:70b] CDVPlugin class CDVDevice (pluginName: Device) does not exist.
2014-08-24 22:19:33.446 rebuild[5604:70b] ERROR: Plugin 'Device' not found, or is not a CDVPlugin. Check your plugin mapping in config.xml.
2014-08-24 22:19:33.447 rebuild[5604:70b] -[CDVCommandQueue executePending] [Line 158] FAILED pluginJSON = [
  "Device993624960",
  "Device",
  "getDeviceInfo",
  [

  ]
]
